   1              	# 1 "C:/StellarStudio-7.1/SDKS/StellarESDK-1.8.0/Modules/Boot/src/GCC/crt0.S"
   1              	/****************************************************************************
   0              	
   0              	
   0              	
   2              	 *
   3              	 * Copyright (c) 2022 STMicroelectronics - All Rights Reserved
   4              	 *
   5              	 * License terms: STMicroelectronics Proprietary in accordance with licensing
   6              	 * terms SLA0098 at www.st.com.
   7              	 *
   8              	 * THIS SOFTWARE IS DISTRIBUTED "AS IS," AND ALL WARRANTIES ARE DISCLAIMED,
   9              	 * INCLUDING MERCHANTABILITY AND FITNESS FOR A PARTICULAR PURPOSE.
  10              	 *
  11              	 *****************************************************************************/
  12              	/**
  13              	 * @file    GCC/crt0.S
  14              	 * @brief   Generic GCC Boot module source file.
  15              	 *
  16              	 * @addtogroup BOOT
  17              	 * @{
  18              	 */
  19              	
  20              	#define _FROM_ASM_
  21              	#include "cmparams.h"
   1              	/****************************************************************************
   2              	 *
   3              	 * Copyright (c) 2022 STMicroelectronics - All Rights Reserved
   4              	 *
   5              	 * License terms: STMicroelectronics Proprietary in accordance with licensing
   6              	 * terms SLA0098 at www.st.com.
   7              	 *
   8              	 * THIS SOFTWARE IS DISTRIBUTED "AS IS," AND ALL WARRANTIES ARE DISCLAIMED,
   9              	 * INCLUDING MERCHANTABILITY AND FITNESS FOR A PARTICULAR PURPOSE.
  10              	 *
  11              	 *****************************************************************************/
  12              	/**
  13              	 * @file    cmparams.h
  14              	 * @brief   ARM Cortex-M7 parameters for SR5E1.
  15              	 *
  16              	 * @addtogroup BOOT
  17              	 * @{
  18              	 */
  19              	
  20              	#ifndef CMPARAMS_H
  21              	#define CMPARAMS_H
  22              	
  23              	/**
  24              	 * @brief   Cortex core model.
  25              	 */
  26              	#define CORTEX_MODEL            7
  27              	
  28              	/**
  29              	 * @brief   Floating Point unit presence.
  30              	 */
  31              	#define CORTEX_HAS_FPU          1
  32              	
  33              	/**
  34              	 * @brief   Number of bits in priority masks.
  35              	 */
  36              	#define CORTEX_PRIORITY_BITS    4
  37              	
  38              	/**
  39              	 * @brief   Number of interrupt vectors.
  40              	 * @note    This number does not include the 16 system vectors and must be
  41              	 *          rounded to a multiple of 8.
  42              	 */
  43              	#define CORTEX_NUM_VECTORS      176
  44              	
  22              	#include "toolchain.h"
   1              	/****************************************************************************
   2              	 *
   3              	 * Copyright (c) 2022 STMicroelectronics - All Rights Reserved
   4              	 *
   5              	 * License terms: STMicroelectronics Proprietary in accordance with licensing
   6              	 * terms SLA0098 at www.st.com.
   7              	 *
   8              	 * THIS SOFTWARE IS DISTRIBUTED "AS IS," AND ALL WARRANTIES ARE DISCLAIMED,
   9              	 * INCLUDING MERCHANTABILITY AND FITNESS FOR A PARTICULAR PURPOSE.
  10              	 *
  11              	 *****************************************************************************/
  12              	/**
  13              	 * @file    toolchain.h
  14              	 * @brief   toolchain for ARM compilers.
  15              	 *
  16              	 * @addtogroup PLATFORM
  17              	 * @addtogroup MCU
  18              	 * @ingroup PLATFORM
  19              	 * @{
  20              	 */
  21              	
  22              	#ifndef _TOOLCHAIN_H_
  23              	#define _TOOLCHAIN_H_
  24              	
  25              	/***************/
  26              	/* Green Hills */
  27              	/***************/
  28              	#if defined(__ghs__)
  29              	
  30              	#define _ASM_THUMB_               .thumb2
  31              	
  32              	#define _ASM_THUMB_FUNCTION_
  33              	
  34              	/*******************************/
  35              	/* ARMCLANG, IAR, HIGHTEC, GCC */
  36              	/*******************************/
  37              	#else
  38              	
  39              	#define _ASM_THUMB_               .thumb
  40              	
  41              	#define _ASM_THUMB_FUNCTION_      .thumb_func
  42              	
  23              	
  24              	/*===========================================================================*/
  25              	/* Module constants.                                                         */
  26              	/*===========================================================================*/
  27              	
  28              	#if !defined(FALSE) || defined(__DOXYGEN__)
  29              	#define FALSE                               0
  30              	#endif
  31              	
  32              	#if !defined(TRUE) || defined(__DOXYGEN__)
  33              	#define TRUE                                1
  34              	#endif
  35              	
  36              	#define CONTROL_MODE_PRIVILEGED             0
  37              	#define CONTROL_MODE_UNPRIVILEGED           1
  38              	#define CONTROL_USE_MSP                     0
  39              	#define CONTROL_USE_PSP                     2
  40              	#define CONTROL_FPCA                        4
  41              	
  42              	#define FPCCR_ASPEN                         (1 << 31)
  43              	#define FPCCR_LSPEN                         (1 << 30)
  44              	
  45              	#define SCB_VTOR                            0xE000ED08
  46              	#define SCB_CPACR                           0xE000ED88
  47              	#define SCB_FPCCR                           0xE000EF34
  48              	#define SCB_FPDSCR                          0xE000EF3C
  49              	
  50              	/*===========================================================================*/
  51              	/* Module pre-compile time settings.                                         */
  52              	/*===========================================================================*/
  53              	
  54              	/**
  55              	 * @brief   RAM initialization switch.
  56              	 */
  57              	#if !defined(CRT0_INIT_RAM) || defined(__DOXYGEN__)
  58              	#define CRT0_INIT_RAM                       TRUE
  59              	#endif
  60              	
  61              	/**
  62              	 * @brief   ITCM initialization switch.
  63              	 */
  64              	#if !defined(CRT0_INIT_ITCM) || defined(__DOXYGEN__)
  65              	#define CRT0_INIT_ITCM                      TRUE
  66              	#endif
  67              	
  68              	/**
  69              	 * @brief   DTCM initialization switch.
  70              	 */
  71              	#if !defined(CRT0_INIT_DTCM) || defined(__DOXYGEN__)
  72              	#define CRT0_INIT_DTCM                      TRUE
  73              	#endif
  74              	
  75              	/**
  76              	 * @brief   Enforces initialization of MSP.
  77              	 * @note    This is required if the boot process is not reliable for whatever
  78              	 *          reason (bad ROMs, bad bootloaders, bad debuggers).
  79              	 */
  80              	#if !defined(CRT0_FORCE_MSP_INIT) || defined(__DOXYGEN__)
  81              	#define CRT0_FORCE_MSP_INIT                 TRUE
  82              	#endif
  83              	
  84              	/**
  85              	 * @brief   VTOR special register initialization.
  86              	 * @details VTOR is initialized to point to the vectors table.
  87              	 * @note    This option can only be enabled on Cortex-M0+ cores.
  88              	 */
  89              	#if !defined(CRT0_VTOR_INIT) || defined(__DOXYGEN__)
  90              	#define CRT0_VTOR_INIT                      TRUE
  91              	#endif
  92              	
  93              	/**
  94              	 * @brief   FPU initialization switch.
  95              	 * @note    Its value depedens on compiling options.
  96              	 */
  97              	#if defined(USE_FPU) || defined(__DOXYGEN__)
  98              	#define CRT0_INIT_FPU                       TRUE
  99              	#else
 100              	#define CRT0_INIT_FPU                       FALSE
 101              	#endif
 102              	
 103              	/**
 104              	 * @brief   Control special register initialization value.
 105              	 * @details The system is setup to run in privileged mode using the PSP
 106              	 *          stack (dual stack mode).
 107              	 */
 108              	#if !defined(CRT0_CONTROL_INIT) || defined(__DOXYGEN__)
 109              	#define CRT0_CONTROL_INIT                   (CONTROL_USE_PSP |              \
 110              	                                             CONTROL_MODE_PRIVILEGED)
 111              	#endif
 112              	
 113              	/**
 114              	 * @brief   Core initialization switch.
 115              	 */
 116              	#if !defined(CRT0_INIT_CORE) || defined(__DOXYGEN__)
 117              	#define CRT0_INIT_CORE                      TRUE
 118              	#endif
 119              	
 120              	/**
 121              	 * @brief   Stack segments initialization value.
 122              	 */
 123              	#if !defined(CRT0_STACKS_FILL_PATTERN) || defined(__DOXYGEN__)
 124              	#define CRT0_STACKS_FILL_PATTERN            0x55555555
 125              	#endif
 126              	
 127              	/**
 128              	 * @brief   Stack segments initialization switch.
 129              	 */
 130              	#if !defined(CRT0_INIT_STACKS) || defined(__DOXYGEN__)
 131              	#define CRT0_INIT_STACKS                    FALSE
 132              	#endif
 133              	
 134              	/**
 135              	 * @brief   DATA segment initialization switch.
 136              	 */
 137              	#if !defined(CRT0_INIT_DATA) || defined(__DOXYGEN__)
 138              	#define CRT0_INIT_DATA                      TRUE
 139              	#endif
 140              	
 141              	/**
 142              	 * @brief   Constructors invocation switch.
 143              	 */
 144              	#if !defined(CRT0_CALL_CONSTRUCTORS) || defined(__DOXYGEN__)
 145              	#define CRT0_CALL_CONSTRUCTORS              TRUE
 146              	#endif
 147              	
 148              	/**
 149              	 * @brief   Destructors invocation switch.
 150              	 */
 151              	#if !defined(CRT0_CALL_DESTRUCTORS) || defined(__DOXYGEN__)
 152              	#define CRT0_CALL_DESTRUCTORS               TRUE
 153              	#endif
 154              	
 155              	/**
 156              	 * @brief   FPU FPCCR register initialization value.
 157              	 * @note    Only used if @p CRT0_INIT_FPU is equal to @p TRUE.
 158              	 */
 159              	#if !defined(CRT0_FPCCR_INIT) || defined(__DOXYGEN__)
 160              	#define CRT0_FPCCR_INIT                     (FPCCR_ASPEN | FPCCR_LSPEN)
 161              	#endif
 162              	
 163              	/**
 164              	 * @brief   CPACR register initialization value.
 165              	 * @note    Only used if @p CRT0_INIT_FPU is equal to @p TRUE.
 166              	 */
 167              	#if !defined(CRT0_CPACR_INIT) || defined(__DOXYGEN__)
 168              	#define CRT0_CPACR_INIT                     0x00F00000
 169              	#endif
 170              	
 171              	/*===========================================================================*/
 172              	/* Code section.                                                             */
 173              	/*===========================================================================*/
 174              	
 175              	#if !defined(__DOXYGEN__)
 176              	
 177              	                _ASM_THUMB_
 178              	                .text
 179              	
 180              	/*
 181              	 * CRT0 entry point.
 182              	 */
 183              	                .align  2
 184              	                _ASM_THUMB_FUNCTION_
 185              	                .global _crt0_entry
 186              	_crt0_entry:
 187              	
 188              	#if CRT0_INIT_RAM == TRUE
 189              	                /* Initialization value.*/
 190 0000 0020     	                movs    r0, #0
 191 0002 0021     	                movs    r1, #0
 192              	
 193              	                /* Initializing RAM. Note, it assumes that the size of RAM to
 194              	                   initialize (from __mem_start__ to __mem_end__) is a multiple
 195              	                   of 8, so the linker file must ensure this.*/
 196 0004 414A     	                ldr     r2, =__mem_start__
 197 0006 424B     	                ldr     r3, =__mem_end__
 198              	ramloop:
 199 0008 E2E80201 	                strd    r0, r1, [r2], #8
 200 000c 9A42     	                cmp     r2, r3
 201 000e FBDB     	                blt     ramloop
 202              	#endif
 203              	
 204              	#if CRT0_INIT_ITCM == TRUE
 205              	                /* Initializing core ITCM.*/
 206 0010 4049     	                ldr     r1, =__itcm_start__
 207 0012 414A     	                ldr     r2, =__itcm_end__
 208              	
 209 0014 0024     	                movs    r4, #0
 210 0016 0025     	                movs    r5, #0
 211              	itcmloop1:
 212 0018 E1E80245 	                strd    r4, r5, [r1], #8
 213 001c 9142     	                cmp     r1, r2
 214 001e FBDB     	                blt     itcmloop1
 215              	
 216              	                /* Copying any data linked into ITCM within core ITCM */
 217 0020 3E4A     	                ldr     r2, =__itcm_size__
 218              	                /* If __itcm_size__ == 0 => nothing to copy */
 219 0022 002A     	                cmp     r2, #0
 220 0024 08D0     	                beq     itcmdone
 221              	
 222 0026 3E48     	                ldr     r0, =__itcm_load__
 223 0028 3A49     	                ldr     r1, =__itcm_start__
 224 002a 8B18     	                add     r3, r1, r2
 225              	
 226              	itcmloop2:
 227 002c F0E80245 	                ldrd    r4, r5, [r0], #8
 228 0030 E1E80245 	                strd    r4, r5, [r1], #8
 229 0034 9942     	                cmp     r1, r3
 230 0036 F9DB     	                blt     itcmloop2
 231              	itcmdone:
 232              	#endif
 233              	
 234              	#if CRT0_INIT_DTCM == TRUE
 235              	                /* Initializing core DTCM.*/
 236 0038 3A49     	                ldr     r1, =__dtcm_start__
 237 003a 3B4A     	                ldr     r2, =__dtcm_end__
 238              	
 239 003c 0024     	                movs    r4, #0
 240 003e 0025     	                movs    r5, #0
 241              	dtcmloop1:
 242 0040 E1E80245 	                strd    r4, r5, [r1], #8
 243 0044 9142     	                cmp     r1, r2
 244 0046 FBDB     	                blt     dtcmloop1
 245              	
 246              	                /* Copying any data linked into DTCM within core DTCM */
 247 0048 384A     	                ldr     r2, =__dtcm_size__
 248              	                /* If __dtcm_size__ == 0 => nothing to copy */
 249 004a 002A     	                cmp     r2, #0
 250 004c 08D0     	                beq     dtcmdone
 251              	
 252 004e 3848     	                ldr     r0, =__dtcm_load__
 253 0050 3449     	                ldr     r1, =__dtcm_start__
 254 0052 8B18     	                add     r3, r1, r2
 255              	
 256              	dtcmloop2:
 257 0054 F0E80245 	                ldrd    r4, r5, [r0], #8
 258 0058 E1E80245 	                strd    r4, r5, [r1], #8
 259 005c 9942     	                cmp     r1, r3
 260 005e F9DB     	                blt     dtcmloop2
 261              	dtcmdone:
 262              	#endif
 263              	
 264              	                /* Interrupts are globally masked initially.*/
 265 0060 72B6     	                cpsid   i
 266              	
 267              	#if CRT0_FORCE_MSP_INIT == TRUE
 268              	                /* MSP stack pointers initialization.*/
 269 0062 3448     	                ldr     r0, =__main_stack_end__
 270 0064 80F30888 	                msr     MSP, r0
 271              	#endif
 272              	
 273              	                /* PSP stack pointers initialization.*/
 274 0068 3348     	                ldr     r0, =__process_stack_end__
 275 006a 80F30988 	                msr     PSP, r0
 276              	
 277              	#if CRT0_VTOR_INIT == TRUE
 278 006e 3348     	                ldr     r0, =_vectors
 279 0070 3349     	                ldr     r1, =SCB_VTOR
 280 0072 0860     	                str     r0, [r1]
 281              	#endif
 282              	
 283              	#if (CRT0_INIT_FPU == TRUE)
 284              	                /* FPU FPCCR initialization.*/
 285 0074 40F20000 	                movw    r0, #CRT0_FPCCR_INIT & 0xFFFF
 286 0078 CCF20000 	                movt    r0, #CRT0_FPCCR_INIT >> 16
 287 007c 4EF63471 	                movw    r1, #SCB_FPCCR & 0xFFFF
 288 0080 CEF20001 	                movt    r1, #SCB_FPCCR >> 16
 289 0084 0860     	                str     r0, [r1]
 290 0086 BFF34F8F 	                dsb
 291 008a BFF36F8F 	                isb
 292              	
 293              	                /* CPACR initialization.*/
 294 008e 40F20000 	                movw    r0, #CRT0_CPACR_INIT & 0xFFFF
 295 0092 C0F2F000 	                movt    r0, #CRT0_CPACR_INIT >> 16
 296 0096 4EF68851 	                movw    r1, #SCB_CPACR & 0xFFFF
 297 009a CEF20001 	                movt    r1, #SCB_CPACR >> 16
 298 009e 0860     	                str     r0, [r1]
 299 00a0 BFF34F8F 	                dsb
 300 00a4 BFF36F8F 	                isb
 301              	
 302              	                /* FPU FPSCR initially cleared.*/
 303 00a8 0020     	                mov     r0, #0
 304 00aa E1EE100A 	                vmsr    FPSCR, r0
 305              	
 306              	                /* FPU FPDSCR initially cleared.*/
 307 00ae 4EF63C71 	                movw    r1, #SCB_FPDSCR & 0xFFFF
 308 00b2 CEF20001 	                movt    r1, #SCB_FPDSCR >> 16
 309 00b6 0860     	                str     r0, [r1]
 310              	
 311              	                /* Enforcing FPCA bit in the CONTROL register.*/
 312 00b8 0620     	                movs    r0, #CRT0_CONTROL_INIT | CONTROL_FPCA
 313              	
 314              	#else
 315              	                movs    r0, #CRT0_CONTROL_INIT
 316              	#endif
 317              	
 318              	                /* CONTROL register initialization as configured.*/
 319 00ba 80F31488 	                msr     CONTROL, r0
 320 00be BFF36F8F 	                isb
 321              	
 322              	#if CRT0_INIT_CORE == TRUE
 323              	                /* Core initialization.*/
 324 00c2 FFF7FEFF 	                bl      __core_init
 325              	#endif
 326              	
 327              	#if CRT0_INIT_STACKS == TRUE
 328              	                ldr     r0, =CRT0_STACKS_FILL_PATTERN
 329              	                ldr     r1, =CRT0_STACKS_FILL_PATTERN
 330              	                /* Main Stack initialization. Note, it assumes that the
 331              	                   stack size is a multiple of 8 so the linker file must
 332              	                   ensure this.*/
 333              	                ldr     r2, =__main_stack_base__
 334              	                ldr     r3, =__main_stack_end__
 335              	msloop:
 336              	                strd    r0, r1, [r2], #8
 337              	                cmp     r2, r3
 338              	                blt     msloop
 339              	
 340              	                /* Process Stack initialization. Note, it assumes that the
 341              	                   stack size is a multiple of 8 so the linker file must
 342              	                   ensure this.*/
 343              	                ldr     r2, =__process_stack_base__
 344              	                ldr     r3, =__process_stack_end__
 345              	psloop:
 346              	                strd    r0, r1, [r2], #8
 347              	                cmp     r2, r3
 348              	                blt     psloop
 349              	#endif
 350              	
 351              	                /* Early initialization..*/
 352 00c6 FFF7FEFF 	                bl      __early_init
 353              	
 354              	#if CRT0_INIT_DATA == TRUE
 355              	                /* Data initialization. Note, it assumes that the DATA size
 356              	                   is a multiple of 4 so the linker file must ensure this.*/
 357 00ca 1E49     	                ldr     r1, =__data_load__
 358 00cc 1E4A     	                ldr     r2, =__data_start__
 359 00ce 1F4B     	                ldr     r3, =__data_end__
 360              	dloop:
 361 00d0 9A42     	                cmp     r2, r3
 362 00d2 04DA     	                bge     enddloop
 363 00d4 0868     	                ldr     r0, [r1]
 364 00d6 1060     	                str     r0, [r2]
 365 00d8 0431     	                add     r1, r1, #4
 366 00da 0432     	                add     r2, r2, #4
 367 00dc F8E7     	                b       dloop
 368              	enddloop:
 369              	#endif
 370              	
 371              	                /* Late initialization..*/
 372 00de FFF7FEFF 	                bl      __late_init
 373              	
 374              	#if CRT0_CALL_CONSTRUCTORS == TRUE
 375              	                /* Constructors invocation.*/
 376 00e2 1B4C     	                ldr     r4, =__init_array_start
 377 00e4 1B4D     	                ldr     r5, =__init_array_end
 378              	initloop:
 379 00e6 AC42     	                cmp     r4, r5
 380 00e8 03DA     	                bge     endinitloop
 381 00ea 2168     	                ldr     r1, [r4]
 382 00ec 8847     	                blx     r1
 383 00ee 0434     	                add     r4, r4, #4
 384 00f0 F9E7     	                b       initloop
 385              	endinitloop:
 386              	#endif
 387              	
 388              	                /* Main program invocation, r0 contains the returned value.*/
 389 00f2 FFF7FEFF 	                bl      main
 390              	
 391              	#if CRT0_CALL_DESTRUCTORS == TRUE
 392              	                /* Destructors invocation.*/
 393 00f6 184C     	                ldr     r4, =__fini_array_start
 394 00f8 184D     	                ldr     r5, =__fini_array_end
 395              	finiloop:
 396 00fa AC42     	                cmp     r4, r5
 397 00fc 03DA     	                bge     endfiniloop
 398 00fe 2168     	                ldr     r1, [r4]
 399 0100 8847     	                blx     r1
 400 0102 0434     	                add     r4, r4, #4
 401 0104 F9E7     	                b       finiloop
 402              	endfiniloop:
 403              	#endif
 404              	
 405              	                /* Branching to the defined exit handler.*/
 406 0106 1649     	                ldr     r1, =__default_exit
 407 0108 08470000 	                bx      r1
 407      00000000 
 407      00000000 
 407      00000000 
 407      00000000 
DEFINED SYMBOLS
C:/StellarStudio-7.1/SDKS/StellarESDK-1.8.0/Modules/Boot/src/GCC/crt0.S:183    .text:00000000 $t
C:/StellarStudio-7.1/SDKS/StellarESDK-1.8.0/Modules/Boot/src/GCC/crt0.S:186    .text:00000000 _crt0_entry
C:/StellarStudio-7.1/SDKS/StellarESDK-1.8.0/Modules/Boot/src/GCC/crt0.S:198    .text:00000008 ramloop
C:/StellarStudio-7.1/SDKS/StellarESDK-1.8.0/Modules/Boot/src/GCC/crt0.S:211    .text:00000018 itcmloop1
C:/StellarStudio-7.1/SDKS/StellarESDK-1.8.0/Modules/Boot/src/GCC/crt0.S:231    .text:00000038 itcmdone
C:/StellarStudio-7.1/SDKS/StellarESDK-1.8.0/Modules/Boot/src/GCC/crt0.S:226    .text:0000002c itcmloop2
C:/StellarStudio-7.1/SDKS/StellarESDK-1.8.0/Modules/Boot/src/GCC/crt0.S:241    .text:00000040 dtcmloop1
C:/StellarStudio-7.1/SDKS/StellarESDK-1.8.0/Modules/Boot/src/GCC/crt0.S:261    .text:00000060 dtcmdone
C:/StellarStudio-7.1/SDKS/StellarESDK-1.8.0/Modules/Boot/src/GCC/crt0.S:256    .text:00000054 dtcmloop2
C:/StellarStudio-7.1/SDKS/StellarESDK-1.8.0/Modules/Boot/src/GCC/crt0.S:360    .text:000000d0 dloop
C:/StellarStudio-7.1/SDKS/StellarESDK-1.8.0/Modules/Boot/src/GCC/crt0.S:368    .text:000000de enddloop
C:/StellarStudio-7.1/SDKS/StellarESDK-1.8.0/Modules/Boot/src/GCC/crt0.S:378    .text:000000e6 initloop
C:/StellarStudio-7.1/SDKS/StellarESDK-1.8.0/Modules/Boot/src/GCC/crt0.S:385    .text:000000f2 endinitloop
C:/StellarStudio-7.1/SDKS/StellarESDK-1.8.0/Modules/Boot/src/GCC/crt0.S:395    .text:000000fa finiloop
C:/StellarStudio-7.1/SDKS/StellarESDK-1.8.0/Modules/Boot/src/GCC/crt0.S:402    .text:00000106 endfiniloop
C:/StellarStudio-7.1/SDKS/StellarESDK-1.8.0/Modules/Boot/src/GCC/crt0.S:407    .text:0000010a $d
C:/StellarStudio-7.1/SDKS/StellarESDK-1.8.0/Modules/Boot/src/GCC/crt0.S:407    .text:0000010c $d

UNDEFINED SYMBOLS
__mem_start__
__mem_end__
__itcm_start__
__itcm_end__
__itcm_size__
__itcm_load__
__dtcm_start__
__dtcm_end__
__dtcm_size__
__dtcm_load__
__main_stack_end__
__process_stack_end__
_vectors
__core_init
__early_init
__data_load__
__data_start__
__data_end__
__late_init
__init_array_start
__init_array_end
main
__fini_array_start
__fini_array_end
__default_exit
